\BOOKMARK [-1][-]{part.1}{\376\377\000I\000\040\000F\000o\000u\000n\000d\000a\000t\000i\000o\000n\000s\000:\000\040\000T\000h\000e\000\040\000S\000c\000h\000r\000\366\000d\000i\000n\000g\000e\000r\000\040\000E\000q\000u\000a\000t\000i\000o\000n\000\040\000a\000s\000\040\000B\000e\000d\000r\000o\000c\000k}{}% 1
\BOOKMARK [0][-]{chapter.1}{\376\377\000T\000h\000e\000\040\000U\000n\000i\000v\000e\000r\000s\000a\000l\000\040\000L\000a\000n\000g\000u\000a\000g\000e\000\040\000o\000f\000\040\000Q\000u\000a\000n\000t\000u\000m\000\040\000M\000e\000c\000h\000a\000n\000i\000c\000s}{part.1}% 2
\BOOKMARK [1][-]{section.1.1}{\376\377\000W\000h\000y\000\040\000T\000i\000m\000e\000\040\000E\000v\000o\000l\000u\000t\000i\000o\000n\000?}{chapter.1}% 3
\BOOKMARK [1][-]{section.1.2}{\376\377\000T\000h\000e\000\040\0001\0001\000\040\000D\000i\000m\000e\000n\000s\000i\000o\000n\000s\000:\000\040\000A\000\040\000P\000r\000e\000v\000i\000e\000w}{chapter.1}% 4
\BOOKMARK [2][-]{subsection.1.2.1}{\376\377\000D\000i\000m\000e\000n\000s\000i\000o\000n\000\040\0001\000:\000\040\000F\000o\000r\000m\000a\000l\000i\000s\000m}{section.1.2}% 5
\BOOKMARK [2][-]{subsection.1.2.2}{\376\377\000D\000i\000m\000e\000n\000s\000i\000o\000n\000\040\0002\000:\000\040\000R\000e\000l\000a\000t\000i\000v\000i\000t\000y}{section.1.2}% 6
\BOOKMARK [2][-]{subsection.1.2.3}{\376\377\000D\000i\000m\000e\000n\000s\000i\000o\000n\000\040\0003\000:\000\040\000P\000a\000r\000t\000i\000c\000l\000e\000\040\000N\000u\000m\000b\000e\000r}{section.1.2}% 7
\BOOKMARK [2][-]{subsection.1.2.4}{\376\377\000D\000i\000m\000e\000n\000s\000i\000o\000n\000\040\0004\000:\000\040\000P\000i\000c\000t\000u\000r\000e}{section.1.2}% 8
\BOOKMARK [2][-]{subsection.1.2.5}{\376\377\000D\000i\000m\000e\000n\000s\000i\000o\000n\000\040\0005\000:\000\040\000S\000t\000a\000t\000e\000\040\000P\000u\000r\000i\000t\000y}{section.1.2}% 9
\BOOKMARK [2][-]{subsection.1.2.6}{\376\377\000D\000i\000m\000e\000n\000s\000i\000o\000n\000\040\0006\000:\000\040\000S\000y\000s\000t\000e\000m}{section.1.2}% 10
\BOOKMARK [2][-]{subsection.1.2.7}{\376\377\000D\000i\000m\000e\000n\000s\000i\000o\000n\000\040\0007\000:\000\040\000S\000p\000i\000n}{section.1.2}% 11
\BOOKMARK [2][-]{subsection.1.2.8}{\376\377\000D\000i\000m\000e\000n\000s\000i\000o\000n\000\040\0008\000:\000\040\000M\000a\000s\000s}{section.1.2}% 12
\BOOKMARK [2][-]{subsection.1.2.9}{\376\377\000D\000i\000m\000e\000n\000s\000i\000o\000n\000\040\0009\000:\000\040\000A\000p\000p\000r\000o\000x\000i\000m\000a\000t\000i\000o\000n}{section.1.2}% 13
\BOOKMARK [2][-]{subsection.1.2.10}{\376\377\000D\000i\000m\000e\000n\000s\000i\000o\000n\000\040\0001\0000\000:\000\040\000C\000l\000a\000s\000s\000i\000c\000a\000l\000\040\000L\000i\000m\000i\000t}{section.1.2}% 14
\BOOKMARK [2][-]{subsection.1.2.11}{\376\377\000D\000i\000m\000e\000n\000s\000i\000o\000n\000\040\0001\0001\000:\000\040\000S\000o\000l\000u\000t\000i\000o\000n\000s}{section.1.2}% 15
\BOOKMARK [0][-]{chapter.2}{\376\377\000T\000h\000e\000\040\000S\000i\000m\000p\000l\000e\000s\000t\000\040\000C\000a\000s\000e\000:\000\040\000N\000o\000n\000-\000R\000e\000l\000a\000t\000i\000v\000i\000s\000t\000i\000c\000\040\000S\000p\000i\000n\000l\000e\000s\000s\000\040\000S\000c\000h\000r\000\366\000d\000i\000n\000g\000e\000r\000\040\000E\000q\000u\000a\000t\000i\000o\000n}{part.1}% 16
\BOOKMARK [1][-]{section.2.1}{\376\377\000E\000s\000t\000a\000b\000l\000i\000s\000h\000i\000n\000g\000\040\000t\000h\000e\000\040\000F\000o\000u\000n\000d\000a\000t\000i\000o\000n}{chapter.2}% 17
\BOOKMARK [2][-]{subsection.2.1.1}{\376\377\000O\000p\000e\000r\000a\000t\000o\000r\000\040\000F\000o\000r\000m\000a\000l\000i\000s\000m}{section.2.1}% 18
\BOOKMARK [2][-]{subsection.2.1.2}{\376\377\000F\000o\000r\000m\000a\000l\000\040\000S\000o\000l\000u\000t\000i\000o\000n}{section.2.1}% 19
\BOOKMARK [2][-]{subsection.2.1.3}{\376\377\000E\000n\000e\000r\000g\000y\000\040\000E\000i\000g\000e\000n\000s\000t\000a\000t\000e\000s}{section.2.1}% 20
\BOOKMARK [1][-]{section.2.2}{\376\377\000T\000h\000e\000\040\000H\000y\000d\000r\000o\000g\000e\000n\000\040\000A\000t\000o\000m\000:\000\040\000E\000x\000a\000c\000t\000\040\000S\000o\000l\000u\000t\000i\000o\000n}{chapter.2}% 21
\BOOKMARK [2][-]{subsection.2.2.1}{\376\377\000H\000a\000m\000i\000l\000t\000o\000n\000i\000a\000n}{section.2.2}% 22
\BOOKMARK [2][-]{subsection.2.2.2}{\376\377\000E\000n\000e\000r\000g\000y\000\040\000S\000p\000e\000c\000t\000r\000u\000m}{section.2.2}% 23
\BOOKMARK [0][-]{chapter.3}{\376\377\000M\000a\000t\000h\000e\000m\000a\000t\000i\000c\000a\000l\000\040\000F\000o\000u\000n\000d\000a\000t\000i\000o\000n\000s}{part.1}% 24
\BOOKMARK [1][-]{section.3.1}{\376\377\000H\000i\000l\000b\000e\000r\000t\000\040\000S\000p\000a\000c\000e\000\040\000B\000a\000s\000i\000c\000s}{chapter.3}% 25
\BOOKMARK [1][-]{section.3.2}{\376\377\000O\000p\000e\000r\000a\000t\000o\000r\000s\000\040\000a\000n\000d\000\040\000T\000h\000e\000i\000r\000\040\000P\000r\000o\000p\000e\000r\000t\000i\000e\000s}{chapter.3}% 26
\BOOKMARK [2][-]{subsection.3.2.1}{\376\377\000H\000e\000r\000m\000i\000t\000i\000a\000n\000\040\000O\000p\000e\000r\000a\000t\000o\000r\000s}{section.3.2}% 27
\BOOKMARK [2][-]{subsection.3.2.2}{\376\377\000U\000n\000i\000t\000a\000r\000y\000\040\000O\000p\000e\000r\000a\000t\000o\000r\000s}{section.3.2}% 28
\BOOKMARK [1][-]{section.3.3}{\376\377\000C\000o\000m\000m\000u\000t\000a\000t\000o\000r\000s\000\040\000a\000n\000d\000\040\000U\000n\000c\000e\000r\000t\000a\000i\000n\000t\000y}{chapter.3}% 29
\BOOKMARK [2][-]{subsection.3.3.1}{\376\377\000C\000a\000n\000o\000n\000i\000c\000a\000l\000\040\000C\000o\000m\000m\000u\000t\000a\000t\000i\000o\000n\000\040\000R\000e\000l\000a\000t\000i\000o\000n\000s}{section.3.3}% 30
\BOOKMARK [-1][-]{part.2}{\376\377\000I\000I\000\040\000D\000i\000m\000e\000n\000s\000i\000o\000n\000\040\000V\000a\000r\000i\000a\000t\000i\000o\000n\000s}{}% 31
\BOOKMARK [0][-]{chapter.4}{\376\377\000P\000i\000c\000t\000u\000r\000e\000s\000:\000\040\000S\000c\000h\000r\000\366\000d\000i\000n\000g\000e\000r\000\040\000t\000o\000\040\000H\000e\000i\000s\000e\000n\000b\000e\000r\000g}{part.2}% 32
\BOOKMARK [1][-]{section.4.1}{\376\377\000T\000h\000e\000\040\000H\000e\000i\000s\000e\000n\000b\000e\000r\000g\000\040\000P\000i\000c\000t\000u\000r\000e}{chapter.4}% 33
\BOOKMARK [2][-]{subsection.4.1.1}{\376\377\000H\000e\000i\000s\000e\000n\000b\000e\000r\000g\000\040\000E\000q\000u\000a\000t\000i\000o\000n\000\040\000o\000f\000\040\000M\000o\000t\000i\000o\000n}{section.4.1}% 34
\BOOKMARK [1][-]{section.4.2}{\376\377\000T\000h\000e\000\040\000I\000n\000t\000e\000r\000a\000c\000t\000i\000o\000n\000\040\000P\000i\000c\000t\000u\000r\000e}{chapter.4}% 35
\BOOKMARK [0][-]{chapter.5}{\376\377\000R\000e\000l\000a\000t\000i\000v\000i\000s\000t\000i\000c\000\040\000Q\000u\000a\000n\000t\000u\000m\000\040\000M\000e\000c\000h\000a\000n\000i\000c\000s}{part.2}% 36
\BOOKMARK [1][-]{section.5.1}{\376\377\000K\000l\000e\000i\000n\000-\000G\000o\000r\000d\000o\000n\000\040\000E\000q\000u\000a\000t\000i\000o\000n}{chapter.5}% 37
\BOOKMARK [1][-]{section.5.2}{\376\377\000T\000h\000e\000\040\000D\000i\000r\000a\000c\000\040\000E\000q\000u\000a\000t\000i\000o\000n}{chapter.5}% 38
\BOOKMARK [0][-]{chapter.6}{\376\377\000Q\000u\000a\000n\000t\000u\000m\000\040\000F\000i\000e\000l\000d\000\040\000T\000h\000e\000o\000r\000y}{part.2}% 39
\BOOKMARK [1][-]{section.6.1}{\376\377\000F\000r\000o\000m\000\040\000P\000a\000r\000t\000i\000c\000l\000e\000s\000\040\000t\000o\000\040\000F\000i\000e\000l\000d\000s}{chapter.6}% 40
\BOOKMARK [1][-]{section.6.2}{\376\377\000L\000a\000g\000r\000a\000n\000g\000i\000a\000n\000\040\000F\000o\000r\000m\000a\000l\000i\000s\000m}{chapter.6}% 41
\BOOKMARK [0][-]{chapter.7}{\376\377\000Q\000u\000a\000n\000t\000u\000m\000\040\000E\000l\000e\000c\000t\000r\000o\000d\000y\000n\000a\000m\000i\000c\000s}{part.2}% 42
\BOOKMARK [1][-]{section.7.1}{\376\377\000E\000l\000e\000c\000t\000r\000o\000n\000-\000P\000h\000o\000t\000o\000n\000\040\000C\000o\000u\000p\000l\000i\000n\000g}{chapter.7}% 43
\BOOKMARK [1][-]{section.7.2}{\376\377\000Q\000E\000D\000\040\000P\000r\000e\000d\000i\000c\000t\000i\000o\000n\000s}{chapter.7}% 44
\BOOKMARK [0][-]{chapter.8}{\376\377\000O\000p\000e\000n\000\040\000S\000y\000s\000t\000e\000m\000s\000\040\000a\000n\000d\000\040\000D\000e\000c\000o\000h\000e\000r\000e\000n\000c\000e}{part.2}% 45
\BOOKMARK [1][-]{section.8.1}{\376\377\000T\000h\000e\000\040\000D\000e\000n\000s\000i\000t\000y\000\040\000M\000a\000t\000r\000i\000x}{chapter.8}% 46
\BOOKMARK [1][-]{section.8.2}{\376\377\000M\000a\000s\000t\000e\000r\000\040\000E\000q\000u\000a\000t\000i\000o\000n\000s}{chapter.8}% 47
\BOOKMARK [-1][-]{part.3}{\376\377\000I\000I\000I\000\040\000S\000o\000l\000u\000t\000i\000o\000n\000\040\000T\000e\000c\000h\000n\000i\000q\000u\000e\000s}{}% 48
\BOOKMARK [0][-]{chapter.9}{\376\377\000P\000e\000r\000t\000u\000r\000b\000a\000t\000i\000o\000n\000\040\000T\000h\000e\000o\000r\000y}{part.3}% 49
\BOOKMARK [1][-]{section.9.1}{\376\377\000T\000i\000m\000e\000-\000I\000n\000d\000e\000p\000e\000n\000d\000e\000n\000t\000\040\000C\000a\000s\000e}{chapter.9}% 50
\BOOKMARK [1][-]{section.9.2}{\376\377\000F\000i\000r\000s\000t\000-\000O\000r\000d\000e\000r\000\040\000C\000o\000r\000r\000e\000c\000t\000i\000o\000n\000s}{chapter.9}% 51
\BOOKMARK [0][-]{chapter.10}{\376\377\000P\000a\000t\000h\000\040\000I\000n\000t\000e\000g\000r\000a\000l\000s}{part.3}% 52
\BOOKMARK [1][-]{section.10.1}{\376\377\000F\000e\000y\000n\000m\000a\000n\000'\000s\000\040\000A\000p\000p\000r\000o\000a\000c\000h}{chapter.10}% 53
\BOOKMARK [1][-]{section.10.2}{\376\377\000W\000K\000B\000\040\000A\000p\000p\000r\000o\000x\000i\000m\000a\000t\000i\000o\000n}{chapter.10}% 54
\BOOKMARK [0][-]{chapter.11}{\376\377\000N\000u\000m\000e\000r\000i\000c\000a\000l\000\040\000M\000e\000t\000h\000o\000d\000s}{part.3}% 55
\BOOKMARK [1][-]{section.11.1}{\376\377\000I\000m\000a\000g\000i\000n\000a\000r\000y\000\040\000T\000i\000m\000e\000\040\000E\000v\000o\000l\000u\000t\000i\000o\000n}{chapter.11}% 56
\BOOKMARK [1][-]{section.11.2}{\376\377\000Q\000u\000a\000n\000t\000u\000m\000\040\000C\000o\000m\000p\000u\000t\000i\000n\000g}{chapter.11}% 57
\BOOKMARK [-1][-]{part.4}{\376\377\000I\000V\000\040\000P\000u\000t\000t\000i\000n\000g\000\040\000I\000t\000\040\000T\000o\000g\000e\000t\000h\000e\000r}{}% 58
\BOOKMARK [0][-]{chapter.12}{\376\377\000C\000o\000n\000n\000e\000c\000t\000i\000n\000g\000\040\000t\000h\000e\000\040\000D\000i\000m\000e\000n\000s\000i\000o\000n\000s}{part.4}% 59
\BOOKMARK [1][-]{section.12.1}{\376\377\000A\000\040\000T\000a\000x\000o\000n\000o\000m\000y\000\040\000o\000f\000\040\000Q\000u\000a\000n\000t\000u\000m\000\040\000T\000h\000e\000o\000r\000i\000e\000s}{chapter.12}% 60
\BOOKMARK [1][-]{section.12.2}{\376\377\000T\000h\000e\000\040\000S\000c\000h\000r\000\366\000d\000i\000n\000g\000e\000r\000\040\000E\000q\000u\000a\000t\000i\000o\000n\000\040\000a\000s\000\040\000L\000o\000d\000e\000s\000t\000a\000r}{chapter.12}% 61
\BOOKMARK [1][-]{section.12.3}{\376\377\000W\000h\000y\000\040\000T\000h\000e\000s\000e\000\040\0001\0001\000\040\000D\000i\000m\000e\000n\000s\000i\000o\000n\000s\000?}{chapter.12}% 62
\BOOKMARK [0][-]{chapter.13}{\376\377\000O\000p\000e\000n\000\040\000P\000r\000o\000b\000l\000e\000m\000s}{part.4}% 63
\BOOKMARK [1][-]{section.13.1}{\376\377\000Q\000u\000a\000n\000t\000u\000m\000\040\000G\000r\000a\000v\000i\000t\000y}{chapter.13}% 64
\BOOKMARK [1][-]{section.13.2}{\376\377\000E\000x\000t\000r\000e\000m\000e\000\040\000C\000o\000n\000d\000i\000t\000i\000o\000n\000s}{chapter.13}% 65
\BOOKMARK [2][-]{subsection.13.2.1}{\376\377\000Q\000u\000a\000r\000k\000-\000G\000l\000u\000o\000n\000\040\000P\000l\000a\000s\000m\000a}{section.13.2}% 66
\BOOKMARK [1][-]{section.13.3}{\376\377\000B\000l\000a\000c\000k\000\040\000H\000o\000l\000e\000\040\000I\000n\000f\000o\000r\000m\000a\000t\000i\000o\000n\000\040\000P\000a\000r\000a\000d\000o\000x}{chapter.13}% 67
\BOOKMARK [0][-]{chapter.14}{\376\377\000C\000o\000n\000c\000l\000u\000s\000i\000o\000n\000:\000\040\000T\000h\000e\000\040\000M\000i\000s\000s\000i\000n\000g\000\040\000B\000i\000g\000\040\000P\000i\000c\000t\000u\000r\000e}{part.4}% 68
\BOOKMARK [1][-]{section.14.1}{\376\377\000F\000r\000o\000m\000\040\000F\000r\000a\000g\000m\000e\000n\000t\000a\000t\000i\000o\000n\000\040\000t\000o\000\040\000U\000n\000i\000t\000y}{chapter.14}% 69
\BOOKMARK [1][-]{section.14.2}{\376\377\000T\000h\000e\000\040\0001\0001\000-\000D\000i\000m\000e\000n\000s\000i\000o\000n\000a\000l\000\040\000F\000r\000a\000m\000e\000w\000o\000r\000k\000\040\000P\000r\000o\000v\000i\000d\000e\000s\000:}{chapter.14}% 70
\BOOKMARK [1][-]{section.14.3}{\376\377\000F\000i\000n\000a\000l\000\040\000T\000h\000o\000u\000g\000h\000t}{chapter.14}% 71
\BOOKMARK [0][-]{appendix.A}{\376\377\000K\000e\000y\000\040\000E\000q\000u\000a\000t\000i\000o\000n\000s}{part.4}% 72
\BOOKMARK [1][-]{section.A.1}{\376\377\000Q\000u\000a\000n\000t\000u\000m\000\040\000M\000e\000c\000h\000a\000n\000i\000c\000s}{appendix.A}% 73
\BOOKMARK [1][-]{section.A.2}{\376\377\000R\000e\000l\000a\000t\000i\000v\000i\000s\000t\000i\000c\000\040\000Q\000F\000T}{appendix.A}% 74
\BOOKMARK [1][-]{section.A.3}{\376\377\000S\000t\000a\000t\000i\000s\000t\000i\000c\000a\000l\000\040\000M\000e\000c\000h\000a\000n\000i\000c\000s}{appendix.A}% 75
